<?xml version="1.0" encoding="UTF-8"?>
<!-- Generated by org.testng.reporters.JUnitReportReporter -->
<testsuite failures="0" tests="1" name="com.it.bd.tests.DashboardTest" time="6.999" errors="0" timestamp="2023-08-16T03:03:59 BDT" skipped="0">
  <testcase classname="com.it.bd.tests.DashboardTest" name="dashBoardTest" time="6.999"/>
</testsuite> <!-- com.it.bd.tests.DashboardTest -->
