<?xml version="1.0" encoding="UTF-8"?>
<!-- Generated by org.testng.reporters.JUnitReportReporter -->
<testsuite failures="0" tests="1" name="com.it.bd.tests.LoginTest" time="13.583" errors="0" timestamp="2023-08-16T03:03:59 BDT" skipped="0">
  <testcase classname="com.it.bd.tests.LoginTest" name="loginTest" time="13.583"/>
</testsuite> <!-- com.it.bd.tests.LoginTest -->
