<?xml version="1.0" encoding="UTF-8"?>
<!-- Generated by org.testng.reporters.JUnitReportReporter -->
<testsuite failures="0" tests="1" name="com.it.bd.tests.DashboardTest" time="4.661" errors="0" timestamp="2023-08-09T22:42:08 BDT" skipped="0">
  <testcase classname="com.it.bd.tests.DashboardTest" name="dashBoardTest" time="4.661"/>
</testsuite> <!-- com.it.bd.tests.DashboardTest -->
